SF:lib\src\auth\data\models\user_model.dart
DA:5,6
DA:18,4
DA:19,1
DA:26,2
DA:27,2
DA:28,2
DA:29,2
DA:30,4
DA:31,2
DA:32,2
DA:33,2
DA:34,4
DA:36,4
DA:37,4
DA:38,4
DA:41,2
DA:53,2
DA:54,0
DA:55,2
DA:56,2
DA:57,2
DA:58,2
DA:59,2
DA:60,2
DA:61,2
DA:62,2
DA:63,2
DA:67,2
DA:68,2
DA:69,2
DA:70,2
DA:71,2
DA:72,2
DA:73,2
DA:74,2
DA:75,2
DA:76,2
DA:77,2
DA:78,2
LF:39
LH:38
end_of_record
SF:lib\src\auth\domain\entities\user.dart
DA:4,7
DA:17,1
DA:18,0
DA:42,1
DA:43,3
DA:45,1
DA:47,4
DA:48,2
LF:8
LH:7
end_of_record
SF:lib\core\errors\exceptions.dart
DA:4,15
DA:9,0
DA:11,0
DA:15,1
DA:20,0
DA:22,0
LF:6
LH:2
end_of_record
SF:lib\core\errors\failure.dart
DA:4,4
DA:6,9
DA:7,0
DA:13,2
DA:14,10
DA:16,2
DA:17,6
DA:21,1
DA:25,3
DA:27,0
DA:28,0
LF:11
LH:8
end_of_record
SF:lib\src\auth\data\datasources\auth_remote_data_source.dart
DA:33,1
DA:45,1
DA:48,2
DA:49,1
DA:50,1
DA:51,1
DA:52,1
DA:55,0
DA:56,0
DA:57,0
DA:63,1
DA:67,2
DA:71,1
DA:80,2
DA:82,1
DA:83,2
DA:87,0
DA:89,0
DA:90,0
DA:91,1
DA:92,1
DA:93,1
DA:94,1
DA:96,1
DA:99,0
DA:100,0
DA:101,0
DA:107,1
DA:113,2
DA:116,2
DA:117,2
DA:118,3
DA:119,1
DA:120,1
DA:121,1
DA:122,1
DA:124,0
DA:127,0
DA:128,0
DA:129,0
DA:135,1
DA:142,1
DA:143,3
DA:144,2
DA:146,1
DA:147,3
DA:148,2
DA:150,1
DA:151,1
DA:152,1
DA:153,5
DA:154,1
DA:155,1
DA:156,3
DA:157,2
DA:159,1
DA:160,3
DA:161,0
DA:165,1
DA:166,3
DA:167,1
DA:168,3
DA:169,1
DA:171,2
DA:172,2
DA:174,1
DA:175,2
DA:177,0
DA:178,0
DA:179,0
DA:180,0
DA:182,0
DA:185,0
DA:186,0
DA:187,0
DA:193,1
DA:194,4
DA:197,1
DA:198,5
DA:199,1
DA:200,1
DA:201,1
DA:202,1
DA:203,1
DA:205,1
DA:208,1
DA:209,1
DA:210,1
DA:211,4
DA:212,1
LF:90
LH:68
end_of_record
SF:lib\src\auth\data\repo\auth_repo_impl.dart
DA:12,1
DA:16,1
DA:19,2
DA:21,1
DA:22,4
DA:26,1
DA:31,2
DA:32,1
DA:33,1
DA:34,4
DA:38,1
DA:44,2
DA:47,1
DA:48,4
DA:52,1
DA:56,2
DA:58,1
DA:59,4
LF:18
LH:18
end_of_record
SF:lib\src\auth\domain\repos\auth_repo.dart
DA:7,0
LF:1
LH:0
end_of_record
SF:lib\src\auth\domain\usecases\forgot_password.dart
DA:6,1
DA:10,1
DA:11,2
LF:3
LH:3
end_of_record
SF:lib\core\usecases\usecase.dart
DA:4,4
DA:10,2
LF:2
LH:2
end_of_record
SF:lib\src\auth\domain\usecases\sign_in.dart
DA:9,1
DA:13,1
DA:14,2
DA:15,2
DA:19,3
DA:24,1
DA:25,0
DA:33,1
DA:34,3
LF:9
LH:8
end_of_record
SF:lib\src\auth\domain\usecases\sign_up.dart
DA:7,1
DA:11,1
DA:12,2
DA:13,1
DA:14,1
DA:15,1
DA:20,4
DA:26,1
DA:32,1
DA:33,4
LF:10
LH:10
end_of_record
SF:lib\src\auth\domain\usecases\update_user.dart
DA:8,1
DA:12,1
DA:14,4
DA:18,3
DA:23,1
DA:24,0
DA:29,1
DA:30,3
LF:8
LH:7
end_of_record
SF:lib\src\auth\presentation\bloc\auth_state.dart
DA:4,3
DA:6,1
DA:7,1
DA:11,2
DA:15,3
DA:19,2
DA:23,1
DA:24,2
DA:28,2
DA:32,2
DA:36,2
DA:40,1
LF:12
LH:12
end_of_record
SF:lib\src\auth\presentation\bloc\auth_event.dart
DA:4,2
DA:8,1
DA:16,0
DA:17,0
DA:21,1
DA:31,0
DA:32,0
DA:36,1
DA:40,0
DA:41,0
DA:45,1
DA:48,2
DA:49,0
DA:54,0
DA:55,0
LF:15
LH:6
end_of_record
SF:lib\src\auth\presentation\bloc\auth_bloc.dart
DA:18,1
DA:27,1
DA:28,2
DA:29,1
DA:31,2
DA:32,2
DA:33,2
DA:34,2
DA:42,1
DA:46,2
DA:47,1
DA:48,1
DA:49,1
DA:53,1
DA:54,4
DA:55,3
DA:59,1
DA:61,3
DA:62,3
DA:64,5
DA:65,2
DA:68,1
DA:70,3
DA:72,5
DA:73,2
DA:76,1
DA:78,2
DA:79,3
DA:81,5
DA:82,2
LF:30
LH:30
end_of_record
SF:lib\src\on_boarding\data\datasources\on_boarding_local_data_source.dart
DA:5,1
DA:15,1
DA:19,1
DA:22,2
DA:24,2
DA:28,1
DA:31,2
DA:34,2
LF:8
LH:8
end_of_record
SF:lib\src\on_boarding\domain\repos\on_boarding_repo.dart
DA:4,0
LF:1
LH:0
end_of_record
SF:lib\src\on_boarding\domain\usecases\cache_first_timer.dart
DA:6,1
DA:10,1
DA:11,2
LF:3
LH:3
end_of_record
SF:lib\src\on_boarding\domain\usecases\check_if_user_is_First_timer.dart
DA:6,1
DA:10,1
DA:11,2
LF:3
LH:3
end_of_record
SF:lib\src\on_boarding\presentation\cubit\on_boarding_state.dart
DA:4,3
DA:6,1
DA:7,1
DA:11,2
DA:15,3
DA:19,2
DA:23,2
DA:27,1
DA:32,1
DA:33,2
DA:37,1
DA:42,1
DA:43,2
LF:13
LH:13
end_of_record
SF:lib\src\on_boarding\presentation\cubit\on_boarding_cubit.dart
DA:10,1
DA:15,1
DA:21,1
DA:22,1
DA:24,2
DA:26,1
DA:27,4
DA:28,2
DA:32,1
DA:33,1
DA:35,2
DA:37,4
DA:38,3
LF:13
LH:13
end_of_record
